
           Integration parameters
           ----------------------

   Algorithm: Bulirsch-Stoer (general)

   Integration start epoch:               0.0000000 days 
   Integration stop  epoch:           10000.0000000
   Output interval:                       1.000
   Output precision:                 medium

   Initial timestep:                0.100 days 
   Accuracy parameter:              1.0000E-12
   Central mass:                    1.0000E+00 solar masses
   J_2:                              0.0000E+00
   J_4:                              0.0000E+00
   J_6:                              0.0000E+00
   Ejection distance:               1.0000E+03 AU
   Radius of central body:          5.0000E-03 AU

   Includes collisions:                 yes
   Includes fragmentation:              no 
   Includes relativity:                 no 
   Includes user-defined force routine: yes

   Number of Big bodies:        1
   Number of Small bodies:      0


           Integration details
           -------------------

   Initial energy:            0.00000E+00 solar masses AU^2 day^-2 
   Initial angular momentum:  0.00000E+00 solar masses AU^2 day^-1 

 WARNING: No Small bodies are present.

   Integrating massive bodies and particles up to the same epoch.

   Beginning the main integration.


   Integration complete.

   Fractional energy change due to integrator:           NaN
   Fractional angular momentum change:                   NaN

   Fractional energy change due to collisions/ejections:          NaN
   Fractional angular momentum change:                            NaN
