6a 2        !   LLLՑ                        LLLՔ2
  !plan1                           LLLՑ
6b        !   
  !V%       |TX   X   
6bLLLՑ  !   
  !XP/q1(1EĽ)#^Cl{t<
6byyy  !   
  !ZmS^FZC둒ڣ`jDy
6byyx  !   
  !])X;ƃU&9hvފ(
6bLLJ  !   
  !`Y{b663偰6D'
6b        !   
  !b^+7JlT8y5D]
6bLLLՑ  !   
  !d&cfMs>CB|EHs3
6byyy  !   
  !e+hCxfaƲf9æ%
6byyx  !   
  !g<xmy|y[W3
6bLLJ  !   
  !h=r˼Rp4L
6bLLLՒ  !   
  !hv>o[@`#_ɡcX
6bggg  !   
  !i`{^F3'ݦfz
6b  !   
  !jCex@쇇4\2poƠ
6b  !   
  !jp뉡wu-9b
6bggh  !   
  !jͻQt]A66b]^
6bLLJ  !   
  !k*ʋ!p@c-Jƭ.EGV
6b110  !   
  !k=-ޏt"8/3yŐ
6b(((  !   
  !k9jVyBǲߒTB
6bCCCے  !   
  !jzDU2=|5fxlC
6b^^^  !   
  !jĂ*.ȕ0r9U@:
6byyy  !   
  !jї7-,:о#
6b  !   
  !i P] ^Qys7
6bppn  !   
  !i~Ҧ:F֛)ږγBUw
6bUUT  !   
  !h:[ed;bﳓ
6b:::  !   
  !g<ί4F_?K)cAmf
6b        !   
  !fը|jƦNlޮ
6b:::  !   
  !e^;XF必aG
6bUUU˒  !   
  !c#P턶dd$
6bppp  !   
  !a*áw"[լVw5֥#
6b  !   
  !_svXxLZI~V)E
6byyx  !   
  !\8x lyhćqr8/
6b^^^  !   
  !YG⢢ȐXf`79
6bCCD  !   
  !W_0ZMI
6b(()  !   
  !W; $%'BX`_fa
6b111  !   
  !Y'iT[7?͍6b!q
6bLLLՒ  !   
  ![2ZI(nɨ}Lۉ
6bggg  !   
  !^X,Z ß6uzf͑h
6b  !   
  !aTA Z!fE)%<䳊u2-
6b  !   
  !c\5`_hnɣ^*dӎP
6bggh  !   
  !d<e1tQ$iJf7ܗ
6bLLJ  !   
  !fkSje~ycV'ɓ"[c
6b113  !   
  !gΫo_0}ߵ̸{ܰ̚}
6b(((  !   
  !h-sYboM
6bCCCے  !   
  !iK<xSv*գP1
6b^^^  !   
  !i91|'c݁MRNH
6byyy  !   
  !jdŀ!zGI(QAW
6bÔ  !   
  !jڄlW 2\
6bįppn  !   
  !jPg*݌Py:i$幏?
6bUUT  !   
  !k3}WG~; ƞ)Q%h
6b:::  !   
  !k>\nXG<8X
6b        !   
  !k3ffdT&|s~
6b:::  !   
  !jsˀL''VփJ+
6bUUU˒  !   
  !j(ԛg$1̌0"
6bppp  !   
  !jeSWJӗ'I.
6b̋  !   
  !iKd&C9݉G[@(@&
6bͦyyx  !   
  !iMG52`}W
6b^^^  !   
  !hßctO1n!T)
6bCCD  !   
  !gհ栢wtsݤ3/fy
6b(()  !   
  !fmŵxLC7NҴG$
6b111  !   
  !dj㨦Y4x
6bLLLՒ  !   
  !c_yL{H[=_-| s
6bggg  !   
  !aX06P3*%B
6bՂ  !   
  !^=_ʝ[ZJL"zQ+F/
6b֝  !   
  ![YI5fM݄^nA2x(
6b׸ggh  !   
  !Y,öwS輧~4b9>T
6bLLJ  !   
  !W=Q`^`µoXIPQz
6b113  !   
  !W%4zA+O֜|Z/fEP
6b(((  !   
  !Yab=Y;#JffGԽv2
6bCCCߒ  !   
  !\(Y'O0]r@Ӏ#&
6b^^^  !   
  !_X9k^0}w~AMx
6byyy  !   
  !a\ut)ikF˳#ԋVE
6bߔ  !   
  !cAa$wq&}GR*ݐίwh
6bppn  !   
  !efRzvS-tZY{
6bUUT  !   
  !fœ_k({9&Ƕ@`
6b:::  !   
  !gUqp)~A847M
6b        !   
  !h>u|UXܭNCdNY
6b:::  !   
  !i}mnyݘQmڍǳӟ1"
6bUUU˒  !   
  !i~#ڿ'Ṋw
6bppp  !   
  !j&uB&¾",
6b苔  !   
  !jN݅zzG'06
6byyx  !   
  !j39Hc3"@ᗓj$
6b^^^  !   
  !k9DTaWǰذh
6bCCD  !   
  !k=ΑPPk-0q{vʀ
6b(()  !   
  !k*q]@3~Ʊ!3O
6b111  !   
  !jZC><{$9%Pشb_
6bLLLՒ  !   
  !j]zf6b(
6bggg  !   
  !jD᠟Qs`fK/
6b񂝂  !   
  !iФ߂ԜD0PXU
6b򝂝  !   
  !h:TIk;JۇMHE
6bggh  !   
  !h?;CNN_u}wx`
6bLLJ  !   
  !g>_䒣jGpg
6b113  !   
  !eطm𶧰gtroӛucT
6b(((  !   
  !dPrKϹv!PHJ
6bCCCߒ  !   
  !bҳJ"0%Fn"}
6b^^^  !   
  !`Zrab˥ϡ#'_2r
6byyy  !   
  !]sςaE<vB-t
6b  !   
  !ZAjϚZjr5
6bppn  !   
  !XTAa麌3k^YGCY;
6bUUT  !   
  !VaBR|?X :Wc
6b:::  !   
  !XKyqc1"^.lZ(U
6bLLLՓ  !   
  !Z^]ZtC|6ʘjDy}
6be`  !   
  !]-X>nTHЋv ˣ
6b~ء  !   
  !`Yb x&R
6b.k[>  !   
  !b9^!k]lDO#^
6bB*Ȅp  !   
  !d|c\s2AjC5P
6bUUT  !   
  !e腷h=x]QtjX>,:
6bi0>  !   
  !g:Yjm|r7M 03"
6b}IPv"  !   
  !h<(lr}ĒFdcd
6b5轻  !   
  !hPv'{-5~B
6bNK!ѓ  !   
  !it{VʁB4w]5
6bggg  !   
  !jBpkwQDQܫeq
6b'E  !   
  !j\΃ib%MQM
6bƲ  !   
  !jiIWoY3+"$Q 
6b@Ym  !   
  !k*})+dƩ8:9E
6b'EU  !   
  !k=prW/rjłL
6b:::  !   
  !k9BfRŚǴuL
6bNK$  !   
  !j4N,970Qe6j
6b7bd5  !   
  !ja"ɕ,i^qXA
6bPv#Г  !   
  !jם0381<9琝
6bi0<  !   
  !j ILXeʹoi2'
6b  !   
  !i41wڠFI(Lo
6bB*ȃ  !   
  !hYÞUГo+SQ
6b.i  !   
  !g*i+x<X6NOIY
6bء%tQ  !   
  !f=eע9٠\&\f
6b`9  !   
  !e}1>{NdD6
6b        !   
  !ciþz8g1UwSB|
6b93e  !   
  !a×HG#m
6bRG~Γ  !   
  !_q=_)L~k2h):?
6bk[>  !   
  !\(dW/֬{s*{/l
6bnW  !   
  !Z!ʽgi~&eg.fz'/9
6b  !   
  !Wdh3['dII
6b\i  !   
  !W9q`%}X_<o
6bϩ}IR  !   
  !Y"{2i}6ȍua#qG;
6b轻7  !   
  ![T[(I?̘nL};9U
6b!{w  !   
  !^'X+7eY&П#zZ?k
6b:::  !   
  !aO?ZUf1w(Eksh
6bSr͓  !   
  !cX_PWnv#
6bm,Ʋ  !   
  !de'tSp;F,0<9
6b@Ym,  !   
  !fhџj[yA7d~
6bSr  !   
  !gSoVi}H̪Zɚm
6bggh  !   
  !h}}s+Vb
6b{wN  !   
  !iJxw0+WٵH\1
6b7bd5  !   
  !i,H|awy}hz
6b#ϩ  !   
  !jcԀ^C"褅6U
6b<\  !   
  !jYgT1rü~B{3
6bUUU˓  !   
  !j刃M*TsdNF
6bnW  !   
  !k3VPO䑎7l)a/N!G9r
6bᗓ  !   
  !k>//#9<Fa=
6b%tRG~  !   
  !k3ГEeݮɡVeL
6b93d  !   
  !j'5ǲ33g$yuk
6bLLJ  !   
  !j_=o5v6
6b`94  !   
  !jf|Ooܗ$40%&=
6b%tRG~  !   
  !iaߣ\cR!ݑ[)
6b>  !   
  !iNzcdk콍k
6bWB*Ǔ  !   
  !h|cIĸzݫ!
6bppp  !   
  !grnpX_'M
6b0<  !   
  !fpDZ9D;9Gx5
6bϩ}  !   
  !dY6L籼vSiBhتf
6b7bc  !   
  !ccfB+9:)(Pd>X 
6bNJ  !   
  !a\(UBcʧ.n%r
6b110  !   
  !^f'I]zΓ+9Y
6b'ES  !   
  ![*RD0*+ԓn)2O
6b@Ym,  !   
  !Y2$>d蘴'hbQ>8
6bYm,Ɠ  !   
  !W>𼛞s?mGXd,Pe0<
6br'E  !   
  !Wɍz#+.@0Z9e<
6b  !   
  !Yc8(=4;af.u}
6bK!y  !   
  !\ɨY/Odm5rî?-
6b7c  !   
  !_xX^uMfdL~-a
6bϩ}I  !   
  !a|r\lQiYPojq2
6bi/  !   
  !cKaǛpR?C&oU
6b(((  !   
  !e,f.pvcbbts
6bB*Ȅnߓ  !   
  !fSOk{1ǧ@2xY.
6b[>  !   
  !gpep~QS'FA
6btRG~  !   
  !hu.Mlʠ[
6be`  !   
  !i|8Rybihڄ߳ 0V
6byyx  !   
  !i}ņWn޻Dөz
6be_  !   
  !jIÁDh!SɾӮm
6bء%tRH  !   
  !j̻?5䃬W¾G$\
6b+  !   
  !jȉ@:0+ܴdk
6b*Ȅn  !   
  !k9.a9HǮ=U
6bCCCۓ  !   
  !k=8IlRO0vrI{
6b\i  !   
  !k+R#f_APƴpѼV\
6bv#Ϩ  !   
  !jǁwK=v5اu6
6b7bd5  !   
  !jjƖvb4>wl
6bK!{x  !   
  !jEˠ"Up]^_
6b^^^  !   
  !ixg9orq
6br'D  !   
  !h򑣝e܇Uy]D:
6b@Ym.  !   
  !hAvH;l<穊h|p~
6b,Ʋ  !   
  !g@ȂVB壗XxF3i`
6bESۓ  !   
  !eg/c(nMKR
6b^^^  !   
  !dx9CʟĹ]A'
6bwN  !   
  !bB嶳E.(X-"uB_
6b轻ꍓ  !   
  !`%kLL%5ט'TX
6b}IPw  !   
  !]JICʻt)$)w+-f
6b0<^  !   
  ![!'6Q>j͟q5g}
6bCCD  !   
  !XXߡtn?=D^n_Cb#
6bWB*  !   
  !V5H|?X ;W
6b.k[>  !   
  !XGHq0Y]l85
6bG~ד  !   
  !Z.^t!CXْ7jiByu
6b`93  !   
  !]<XA3aTɞdvy
6byyy  !   
  !`pYbzҥӁ!鈡
6b93  !   
  !b^]l44#AO
6bء%s  !   
  !dy/cRB.s'fX=O}ڑl
6b.k]  !   
  !eh;xU7@_IΕ
6bW@  !   
  !g899mx|k>ۢPe
6b(()  !   
  !h:^;rtɉ9۩V}^
6b0<\  !   
  !hv:ւP+Я#o
6bIPv#֓  !   
  !iT*{N[=4<S2
6bbd5輓  !   
  !jAh`~LtG毫Z
6b{wN  !   
  !jaտ̰/
6b  !   
  !jׇB틙9/s䏕D{
6bSs  !   
  !k*GR΍B惙ƥ<+
6bƲ@Y  !   
  !k=㎹lk/?ePs
6bƲ?  !   
  !k:8}7O2!&@Ƕه{N
6br%  !   
  !k 7F 5:~%H(
6b111  !   
  !jޏ.(4y۞Ʀ
6bK!{wՓ  !   
  !jQKї/j7OL]
6bd5轼  !   
  !j!BiT@R幪U$_*h
6b}IPv#  !   
  !i@ߦ)vکcCfG
6b\i  !   
  !hٸzRP\z׍։IR
6bppn  !   
  !gF"*1R`D-A\rN
6bȄnX  !   
  !f̄P~䉊j9
6b.k[?  !   
  !eP&ČD?Vi
6bء%  !   
  !cRoˮ\Y[
6b3e  !   
  !b ψÎ͑lZ,#<
6bLLLՓ  !   
  !_lGFw{~N).Y
6be`  !   
  !\|[086twsB3M/h
6b~ء  !   
  !Z'O%Yu<fS*9R
6b.k[>  !   
  !W0GPj~[8'KIh%k
6bB*Ȅq  !   
  !W8&텠%\&'XEe^+
6bUUT  !   
  !XIi6z'uBaPqu
6bi0>  !   
  ![[7,IhIhn̳})h>
6b}IPv$  !   
  !^řX)YRsWzxyĄ1
6b5轻  !   
  !aKZְje]Á؊a
6bNK!ѓ  !   
  !cTJ_9QnNӎs
6bggg  !   
  !d5d6t9¼^m+f(z
6b'E  !   
  !ffnjQy<j]3tR
6bƲ  !   
  !g*oM }̜PBټ
6b@Ym  !   
  !h{s?3rK?H|YOV
6b'ET  !   
  !iIB=xnZ౿4£?
6b:::  !   
  !i|f{q!}qe
6bNK$  !   
  !jc5|҈?Wq+B
6b7bd5  !   
  !jXWvPEuvNs6
6bPv#͓  !   
  !j*|b;Ia娩Dta
6bi0<  !   
  !k3.H3#!\JT
6b  !   
  !k>܌ʏ9\3v۟-
6bB*ȃ  !   
  !k4+fzA]YvV 
6b.i  !   
  !j򅜗~ɓO<*+Whd
6bء%tS  !   
  !jbXwMIջЉc&
6b`9  !   
  !jg[Gr˭;MC/1g(
6b        !   
  !iwTC'Mݙl
